2022/10/05-10:57:41 INFO  [main] com.jsh.erp.ErpApplication - Starting ErpApplication on LAPTOP-MSG46JEP with PID 5380 (started by VanHurts in C:\Users\VanHurts\OneDrive - microsoft\CTFReposityStore\2022\2022蓝帽杯\复赛\source_8bc9995ea1d9adc9fa8ad3385c077fd4)
2022/10/05-10:57:41 DEBUG [main] com.jsh.erp.ErpApplication - Running with Spring Boot v2.0.0.RELEASE, Spring v5.0.4.RELEASE
2022/10/05-10:57:41 INFO  [main] com.jsh.erp.ErpApplication - No active profile set, falling back to default profiles: default
2022/10/05-10:57:45 INFO  [main] com.jsh.erp.ErpApplication - Started ErpApplication in 4.216 seconds (JVM running for 5.144)
2022/10/05-10:58:11 INFO  [main] com.jsh.erp.ErpApplication - Starting ErpApplication on LAPTOP-MSG46JEP with PID 17044 (started by VanHurts in C:\Users\VanHurts\OneDrive - microsoft\CTFReposityStore\2022\2022蓝帽杯\复赛\source_8bc9995ea1d9adc9fa8ad3385c077fd4)
2022/10/05-10:58:11 DEBUG [main] com.jsh.erp.ErpApplication - Running with Spring Boot v2.0.0.RELEASE, Spring v5.0.4.RELEASE
2022/10/05-10:58:11 INFO  [main] com.jsh.erp.ErpApplication - No active profile set, falling back to default profiles: default
2022/10/05-10:58:15 INFO  [main] com.jsh.erp.ErpApplication - Started ErpApplication in 4.475 seconds (JVM running for 5.624)
2022/10/05-10:58:20 ERROR [http-nio-80-exec-2] com.jsh.erp.exception.GlobalExceptionHandler - Global Exception Occured => url : http://127.0.0.1/login.html, msg : Invalid mime type "tehtml": does not contain '/'
2022/10/05-10:58:20 ERROR [http-nio-80-exec-2] com.jsh.erp.exception.GlobalExceptionHandler - Global Exception Occured => url : http://127.0.0.1/login.html
org.springframework.http.InvalidMediaTypeException: Invalid mime type "tehtml": does not contain '/'
	at org.springframework.http.MediaType.parseMediaType(MediaType.java:512)
	at org.springframework.http.MediaType.parseMediaTypes(MediaType.java:536)
	at org.springframework.boot.autoconfigure.web.servlet.WelcomePageHandlerMapping.getAcceptedMediaTypes(WelcomePageHandlerMapping.java:93)
	at org.springframework.boot.autoconfigure.web.servlet.WelcomePageHandlerMapping.getHandlerInternal(WelcomePageHandlerMapping.java:82)
	at org.springframework.web.servlet.handler.AbstractHandlerMapping.getHandler(AbstractHandlerMapping.java:351)
	at org.springframework.web.servlet.DispatcherServlet.getHandler(DispatcherServlet.java:1188)
	at org.springframework.web.servlet.DispatcherServlet.doDispatch(DispatcherServlet.java:964)
	at org.springframework.web.servlet.DispatcherServlet.doService(DispatcherServlet.java:925)
	at org.springframework.web.servlet.FrameworkServlet.processRequest(FrameworkServlet.java:978)
	at org.springframework.web.servlet.FrameworkServlet.doGet(FrameworkServlet.java:870)
	at javax.servlet.http.HttpServlet.service(HttpServlet.java:635)
	at org.springframework.web.servlet.FrameworkServlet.service(FrameworkServlet.java:855)
	at javax.servlet.http.HttpServlet.service(HttpServlet.java:742)
	at org.apache.catalina.core.ApplicationFilterChain.internalDoFilter(ApplicationFilterChain.java:231)
	at org.apache.catalina.core.ApplicationFilterChain.doFilter(ApplicationFilterChain.java:166)
	at org.apache.tomcat.websocket.server.WsFilter.doFilter(WsFilter.java:52)
	at org.apache.catalina.core.ApplicationFilterChain.internalDoFilter(ApplicationFilterChain.java:193)
	at org.apache.catalina.core.ApplicationFilterChain.doFilter(ApplicationFilterChain.java:166)
	at com.jsh.erp.filter.XSSFilter.doFilter(XSSFilter.java:37)
	at org.apache.catalina.core.ApplicationFilterChain.internalDoFilter(ApplicationFilterChain.java:193)
	at org.apache.catalina.core.ApplicationFilterChain.doFilter(ApplicationFilterChain.java:166)
	at com.jsh.erp.filter.XSSFilter.doFilter(XSSFilter.java:37)
	at org.apache.catalina.core.ApplicationFilterChain.internalDoFilter(ApplicationFilterChain.java:193)
	at org.apache.catalina.core.ApplicationFilterChain.doFilter(ApplicationFilterChain.java:166)
	at com.jsh.erp.filter.LogCostFilter.doFilter(LogCostFilter.java:57)
	at org.apache.catalina.core.ApplicationFilterChain.internalDoFilter(ApplicationFilterChain.java:193)
	at org.apache.catalina.core.ApplicationFilterChain.doFilter(ApplicationFilterChain.java:166)
	at org.springframework.web.filter.RequestContextFilter.doFilterInternal(RequestContextFilter.java:99)
	at org.springframework.web.filter.OncePerRequestFilter.doFilter(OncePerRequestFilter.java:107)
	at org.apache.catalina.core.ApplicationFilterChain.internalDoFilter(ApplicationFilterChain.java:193)
	at org.apache.catalina.core.ApplicationFilterChain.doFilter(ApplicationFilterChain.java:166)
	at org.springframework.web.filter.HttpPutFormContentFilter.doFilterInternal(HttpPutFormContentFilter.java:109)
	at org.springframework.web.filter.OncePerRequestFilter.doFilter(OncePerRequestFilter.java:107)
	at org.apache.catalina.core.ApplicationFilterChain.internalDoFilter(ApplicationFilterChain.java:193)
	at org.apache.catalina.core.ApplicationFilterChain.doFilter(ApplicationFilterChain.java:166)
	at org.springframework.web.filter.HiddenHttpMethodFilter.doFilterInternal(HiddenHttpMethodFilter.java:81)
	at org.springframework.web.filter.OncePerRequestFilter.doFilter(OncePerRequestFilter.java:107)
	at org.apache.catalina.core.ApplicationFilterChain.internalDoFilter(ApplicationFilterChain.java:193)
	at org.apache.catalina.core.ApplicationFilterChain.doFilter(ApplicationFilterChain.java:166)
	at org.springframework.web.filter.CharacterEncodingFilter.doFilterInternal(CharacterEncodingFilter.java:200)
	at org.springframework.web.filter.OncePerRequestFilter.doFilter(OncePerRequestFilter.java:107)
	at org.apache.catalina.core.ApplicationFilterChain.internalDoFilter(ApplicationFilterChain.java:193)
	at org.apache.catalina.core.ApplicationFilterChain.doFilter(ApplicationFilterChain.java:166)
	at org.apache.catalina.core.StandardWrapperValve.invoke(StandardWrapperValve.java:199)
	at org.apache.catalina.core.StandardContextValve.invoke(StandardContextValve.java:96)
	at org.apache.catalina.authenticator.AuthenticatorBase.invoke(AuthenticatorBase.java:496)
	at org.apache.catalina.core.StandardHostValve.invoke(StandardHostValve.java:140)
	at org.apache.catalina.valves.ErrorReportValve.invoke(ErrorReportValve.java:81)
	at org.apache.catalina.core.StandardEngineValve.invoke(StandardEngineValve.java:87)
	at org.apache.catalina.connector.CoyoteAdapter.service(CoyoteAdapter.java:342)
	at org.apache.coyote.http11.Http11Processor.service(Http11Processor.java:803)
	at org.apache.coyote.AbstractProcessorLight.process(AbstractProcessorLight.java:66)
	at org.apache.coyote.AbstractProtocol$ConnectionHandler.process(AbstractProtocol.java:790)
	at org.apache.tomcat.util.net.NioEndpoint$SocketProcessor.doRun(NioEndpoint.java:1459)
	at org.apache.tomcat.util.net.SocketProcessorBase.run(SocketProcessorBase.java:49)
	at java.util.concurrent.ThreadPoolExecutor.runWorker(ThreadPoolExecutor.java:1142)
	at java.util.concurrent.ThreadPoolExecutor$Worker.run(ThreadPoolExecutor.java:617)
	at org.apache.tomcat.util.threads.TaskThread$WrappingRunnable.run(TaskThread.java:61)
	at java.lang.Thread.run(Thread.java:745)
Caused by: org.springframework.util.InvalidMimeTypeException: Invalid mime type "tehtml": does not contain '/'
	at org.springframework.util.MimeTypeUtils.parseMimeType(MimeTypeUtils.java:193)
	at org.springframework.http.MediaType.parseMediaType(MediaType.java:509)
	... 58 common frames omitted
2022/10/05-10:58:48 INFO  [main] com.jsh.erp.ErpApplication - Starting ErpApplication on LAPTOP-MSG46JEP with PID 23004 (started by VanHurts in C:\Users\VanHurts\OneDrive - microsoft\CTFReposityStore\2022\2022蓝帽杯\复赛\source_8bc9995ea1d9adc9fa8ad3385c077fd4)
2022/10/05-10:58:48 DEBUG [main] com.jsh.erp.ErpApplication - Running with Spring Boot v2.0.0.RELEASE, Spring v5.0.4.RELEASE
2022/10/05-10:58:48 INFO  [main] com.jsh.erp.ErpApplication - No active profile set, falling back to default profiles: default
2022/10/05-10:58:52 INFO  [main] com.jsh.erp.ErpApplication - Started ErpApplication in 4.287 seconds (JVM running for 5.328)
2022/10/05-10:59:07 INFO  [http-nio-80-exec-8] com.jsh.erp.controller.UserController - ============用户登录 login 方法调用开始==============
2022/10/05-10:59:07 DEBUG [http-nio-80-exec-8] com.jsh.erp.datasource.mappers.UserMapper.selectByExample - ==>  Preparing: SELECT id, username, login_name, password, position, department, email, phonenum, ismanager, isystem, Status, description, remark, tenant_id FROM jsh_user WHERE (login_name = ? AND Status = ?) 
2022/10/05-10:59:07 DEBUG [http-nio-80-exec-8] com.jsh.erp.datasource.mappers.UserMapper.selectByExample - ==> Parameters: jsh(String), 0(Byte)
2022/10/05-10:59:07 DEBUG [http-nio-80-exec-8] com.jsh.erp.datasource.mappers.UserMapper.selectByExample - <==      Total: 0
2022/10/05-10:59:07 INFO  [http-nio-80-exec-8] com.jsh.erp.controller.UserController - ===============用户登录 login 方法调用结束===============
2022/10/05-10:59:11 INFO  [http-nio-80-exec-6] com.jsh.erp.controller.UserController - ============用户登录 login 方法调用开始==============
2022/10/05-10:59:11 DEBUG [http-nio-80-exec-6] com.jsh.erp.datasource.mappers.UserMapper.selectByExample - ==>  Preparing: SELECT id, username, login_name, password, position, department, email, phonenum, ismanager, isystem, Status, description, remark, tenant_id FROM jsh_user WHERE (login_name = ? AND Status = ?) 
2022/10/05-10:59:11 DEBUG [http-nio-80-exec-6] com.jsh.erp.datasource.mappers.UserMapper.selectByExample - ==> Parameters: admin(String), 0(Byte)
2022/10/05-10:59:11 DEBUG [http-nio-80-exec-6] com.jsh.erp.datasource.mappers.UserMapper.selectByExample - <==      Total: 1
2022/10/05-10:59:11 DEBUG [http-nio-80-exec-6] com.jsh.erp.datasource.mappers.UserMapper.selectByExample - ==>  Preparing: SELECT id, username, login_name, password, position, department, email, phonenum, ismanager, isystem, Status, description, remark, tenant_id FROM jsh_user WHERE (login_name = ? AND password = ? AND Status = ?) 
2022/10/05-10:59:11 DEBUG [http-nio-80-exec-6] com.jsh.erp.datasource.mappers.UserMapper.selectByExample - ==> Parameters: admin(String), e10adc3949ba59abbe56e057f20f883e(String), 0(Byte)
2022/10/05-10:59:11 DEBUG [http-nio-80-exec-6] com.jsh.erp.datasource.mappers.UserMapper.selectByExample - <==      Total: 1
2022/10/05-10:59:11 DEBUG [http-nio-80-exec-6] com.jsh.erp.datasource.mappers.UserMapper.selectByExample - ==>  Preparing: SELECT id, username, login_name, password, position, department, email, phonenum, ismanager, isystem, Status, description, remark, tenant_id FROM jsh_user WHERE (login_name = ? AND Status = ?) 
2022/10/05-10:59:11 DEBUG [http-nio-80-exec-6] com.jsh.erp.datasource.mappers.UserMapper.selectByExample - ==> Parameters: admin(String), 0(Byte)
2022/10/05-10:59:11 DEBUG [http-nio-80-exec-6] com.jsh.erp.datasource.mappers.UserMapper.selectByExample - <==      Total: 1
2022/10/05-10:59:11 DEBUG [http-nio-80-exec-6] com.jsh.erp.datasource.mappers.UserBusinessMapper.selectByExample - ==>  Preparing: SELECT id, type, key_id, value, btn_str, delete_flag FROM jsh_user_business WHERE (key_id = ? AND type = ? AND delete_flag <> ?) 
2022/10/05-10:59:11 DEBUG [http-nio-80-exec-6] com.jsh.erp.datasource.mappers.UserBusinessMapper.selectByExample - ==> Parameters: 120(String), UserRole(String), 1(String)
2022/10/05-10:59:11 DEBUG [http-nio-80-exec-6] com.jsh.erp.datasource.mappers.UserBusinessMapper.selectByExample - <==      Total: 1
2022/10/05-10:59:11 DEBUG [http-nio-80-exec-6] com.jsh.erp.datasource.mappers.RoleMapper.selectByPrimaryKey - ==>  Preparing: SELECT id, name, type, value, description, tenant_id, delete_flag FROM jsh_role WHERE id = ? 
2022/10/05-10:59:11 DEBUG [http-nio-80-exec-6] com.jsh.erp.datasource.mappers.RoleMapper.selectByPrimaryKey - ==> Parameters: 4(Long)
2022/10/05-10:59:11 DEBUG [http-nio-80-exec-6] com.jsh.erp.datasource.mappers.RoleMapper.selectByPrimaryKey - <==      Total: 1
2022/10/05-10:59:11 DEBUG [http-nio-80-exec-6] com.jsh.erp.datasource.mappers.LogMapper.insertSelective - ==>  Preparing: INSERT INTO jsh_log (user_id, operation, client_ip, create_time, status, content) VALUES (?, ?, ?, ?, ?, ?) 
2022/10/05-10:59:11 DEBUG [http-nio-80-exec-6] com.jsh.erp.datasource.mappers.LogMapper.insertSelective - ==> Parameters: 120(Long), 用户(String), 127.0.0.1(String), 2022-10-05 10:59:11.454(Timestamp), 0(Byte), 登录admin(String)
2022/10/05-10:59:11 DEBUG [http-nio-80-exec-6] com.jsh.erp.datasource.mappers.LogMapper.insertSelective - <==    Updates: 1
2022/10/05-10:59:11 INFO  [http-nio-80-exec-6] com.jsh.erp.controller.UserController - ===============用户登录 login 方法调用结束===============
2022/10/05-10:59:11 DEBUG [http-nio-80-exec-7] com.jsh.erp.datasource.mappers.UserBusinessMapper.selectByExample - ==>  Preparing: SELECT id, type, key_id, value, btn_str, delete_flag FROM jsh_user_business WHERE (key_id = ? AND type = ? AND delete_flag <> ?) 
2022/10/05-10:59:11 DEBUG [http-nio-80-exec-7] com.jsh.erp.datasource.mappers.UserBusinessMapper.selectByExample - ==> Parameters: 120(String), UserRole(String), 1(String)
2022/10/05-10:59:11 DEBUG [http-nio-80-exec-7] com.jsh.erp.datasource.mappers.UserBusinessMapper.selectByExample - <==      Total: 1
2022/10/05-10:59:11 DEBUG [http-nio-80-exec-2] com.jsh.erp.datasource.mappers.UserBusinessMapper.selectByExample - ==>  Preparing: SELECT id, type, key_id, value, btn_str, delete_flag FROM jsh_user_business WHERE (key_id = ? AND type = ? AND delete_flag <> ?) 
2022/10/05-10:59:11 DEBUG [http-nio-80-exec-2] com.jsh.erp.datasource.mappers.UserBusinessMapper.selectByExample - ==> Parameters: 4(String), RoleFunctions(String), 1(String)
2022/10/05-10:59:11 DEBUG [http-nio-80-exec-2] com.jsh.erp.datasource.mappers.UserBusinessMapper.selectByExample - <==      Total: 1
2022/10/05-10:59:11 DEBUG [http-nio-80-exec-10] com.jsh.erp.datasource.mappers.FunctionMapper.selectByExample - ==>  Preparing: SELECT id, number, name, parent_number, url, state, sort, enabled, type, push_btn, icon, delete_flag FROM jsh_function WHERE (enabled = ? AND parent_number = ? AND delete_flag <> ?) ORDER BY Sort 
2022/10/05-10:59:11 DEBUG [http-nio-80-exec-10] com.jsh.erp.datasource.mappers.FunctionMapper.selectByExample - ==> Parameters: true(Boolean), 0(String), 1(String)
2022/10/05-10:59:11 DEBUG [http-nio-80-exec-10] com.jsh.erp.datasource.mappers.FunctionMapper.selectByExample - <==      Total: 9
2022/10/05-10:59:11 DEBUG [http-nio-80-exec-10] com.jsh.erp.datasource.mappers.FunctionMapper.selectByExample - ==>  Preparing: SELECT id, number, name, parent_number, url, state, sort, enabled, type, push_btn, icon, delete_flag FROM jsh_function WHERE (enabled = ? AND parent_number = ? AND delete_flag <> ?) ORDER BY Sort 
2022/10/05-10:59:11 DEBUG [http-nio-80-exec-10] com.jsh.erp.datasource.mappers.FunctionMapper.selectByExample - ==> Parameters: true(Boolean), 0401(String), 1(String)
2022/10/05-10:59:11 DEBUG [http-nio-80-exec-10] com.jsh.erp.datasource.mappers.FunctionMapper.selectByExample - <==      Total: 2
2022/10/05-10:59:11 DEBUG [http-nio-80-exec-10] com.jsh.erp.datasource.mappers.FunctionMapper.selectByExample - ==>  Preparing: SELECT id, number, name, parent_number, url, state, sort, enabled, type, push_btn, icon, delete_flag FROM jsh_function WHERE (enabled = ? AND parent_number = ? AND delete_flag <> ?) ORDER BY Sort 
2022/10/05-10:59:11 DEBUG [http-nio-80-exec-10] com.jsh.erp.datasource.mappers.FunctionMapper.selectByExample - ==> Parameters: true(Boolean), 040102(String), 1(String)
2022/10/05-10:59:11 DEBUG [http-nio-80-exec-10] com.jsh.erp.datasource.mappers.FunctionMapper.selectByExample - <==      Total: 0
2022/10/05-10:59:11 DEBUG [http-nio-80-exec-10] com.jsh.erp.datasource.mappers.FunctionMapper.selectByExample - ==>  Preparing: SELECT id, number, name, parent_number, url, state, sort, enabled, type, push_btn, icon, delete_flag FROM jsh_function WHERE (enabled = ? AND parent_number = ? AND delete_flag <> ?) ORDER BY Sort 
2022/10/05-10:59:11 DEBUG [http-nio-80-exec-10] com.jsh.erp.datasource.mappers.FunctionMapper.selectByExample - ==> Parameters: true(Boolean), 040104(String), 1(String)
2022/10/05-10:59:11 DEBUG [http-nio-80-exec-10] com.jsh.erp.datasource.mappers.FunctionMapper.selectByExample - <==      Total: 0
2022/10/05-10:59:11 DEBUG [http-nio-80-exec-10] com.jsh.erp.datasource.mappers.FunctionMapper.selectByExample - ==>  Preparing: SELECT id, number, name, parent_number, url, state, sort, enabled, type, push_btn, icon, delete_flag FROM jsh_function WHERE (enabled = ? AND parent_number = ? AND delete_flag <> ?) ORDER BY Sort 
2022/10/05-10:59:11 DEBUG [http-nio-80-exec-10] com.jsh.erp.datasource.mappers.FunctionMapper.selectByExample - ==> Parameters: true(Boolean), 0502(String), 1(String)
2022/10/05-10:59:11 DEBUG [http-nio-80-exec-10] com.jsh.erp.datasource.mappers.FunctionMapper.selectByExample - <==      Total: 3
2022/10/05-10:59:11 DEBUG [http-nio-80-exec-10] com.jsh.erp.datasource.mappers.FunctionMapper.selectByExample - ==>  Preparing: SELECT id, number, name, parent_number, url, state, sort, enabled, type, push_btn, icon, delete_flag FROM jsh_function WHERE (enabled = ? AND parent_number = ? AND delete_flag <> ?) ORDER BY Sort 
2022/10/05-10:59:11 DEBUG [http-nio-80-exec-10] com.jsh.erp.datasource.mappers.FunctionMapper.selectByExample - ==> Parameters: true(Boolean), 050202(String), 1(String)
2022/10/05-10:59:11 DEBUG [http-nio-80-exec-10] com.jsh.erp.datasource.mappers.FunctionMapper.selectByExample - <==      Total: 0
2022/10/05-10:59:11 DEBUG [http-nio-80-exec-10] com.jsh.erp.datasource.mappers.FunctionMapper.selectByExample - ==>  Preparing: SELECT id, number, name, parent_number, url, state, sort, enabled, type, push_btn, icon, delete_flag FROM jsh_function WHERE (enabled = ? AND parent_number = ? AND delete_flag <> ?) ORDER BY Sort 
2022/10/05-10:59:11 DEBUG [http-nio-80-exec-10] com.jsh.erp.datasource.mappers.FunctionMapper.selectByExample - ==> Parameters: true(Boolean), 050201(String), 1(String)
2022/10/05-10:59:11 DEBUG [http-nio-80-exec-10] com.jsh.erp.datasource.mappers.FunctionMapper.selectByExample - <==      Total: 0
2022/10/05-10:59:11 DEBUG [http-nio-80-exec-10] com.jsh.erp.datasource.mappers.FunctionMapper.selectByExample - ==>  Preparing: SELECT id, number, name, parent_number, url, state, sort, enabled, type, push_btn, icon, delete_flag FROM jsh_function WHERE (enabled = ? AND parent_number = ? AND delete_flag <> ?) ORDER BY Sort 
2022/10/05-10:59:11 DEBUG [http-nio-80-exec-10] com.jsh.erp.datasource.mappers.FunctionMapper.selectByExample - ==> Parameters: true(Boolean), 050204(String), 1(String)
2022/10/05-10:59:11 DEBUG [http-nio-80-exec-10] com.jsh.erp.datasource.mappers.FunctionMapper.selectByExample - <==      Total: 0
2022/10/05-10:59:11 DEBUG [http-nio-80-exec-10] com.jsh.erp.datasource.mappers.FunctionMapper.selectByExample - ==>  Preparing: SELECT id, number, name, parent_number, url, state, sort, enabled, type, push_btn, icon, delete_flag FROM jsh_function WHERE (enabled = ? AND parent_number = ? AND delete_flag <> ?) ORDER BY Sort 
2022/10/05-10:59:11 DEBUG [http-nio-80-exec-10] com.jsh.erp.datasource.mappers.FunctionMapper.selectByExample - ==> Parameters: true(Boolean), 0603(String), 1(String)
2022/10/05-10:59:11 DEBUG [http-nio-80-exec-10] com.jsh.erp.datasource.mappers.FunctionMapper.selectByExample - <==      Total: 3
2022/10/05-10:59:11 DEBUG [http-nio-80-exec-10] com.jsh.erp.datasource.mappers.FunctionMapper.selectByExample - ==>  Preparing: SELECT id, number, name, parent_number, url, state, sort, enabled, type, push_btn, icon, delete_flag FROM jsh_function WHERE (enabled = ? AND parent_number = ? AND delete_flag <> ?) ORDER BY Sort 
2022/10/05-10:59:11 DEBUG [http-nio-80-exec-10] com.jsh.erp.datasource.mappers.FunctionMapper.selectByExample - ==> Parameters: true(Boolean), 060301(String), 1(String)
2022/10/05-10:59:11 DEBUG [http-nio-80-exec-10] com.jsh.erp.datasource.mappers.FunctionMapper.selectByExample - <==      Total: 0
2022/10/05-10:59:11 DEBUG [http-nio-80-exec-10] com.jsh.erp.datasource.mappers.FunctionMapper.selectByExample - ==>  Preparing: SELECT id, number, name, parent_number, url, state, sort, enabled, type, push_btn, icon, delete_flag FROM jsh_function WHERE (enabled = ? AND parent_number = ? AND delete_flag <> ?) ORDER BY Sort 
2022/10/05-10:59:11 DEBUG [http-nio-80-exec-10] com.jsh.erp.datasource.mappers.FunctionMapper.selectByExample - ==> Parameters: true(Boolean), 060303(String), 1(String)
2022/10/05-10:59:11 DEBUG [http-nio-80-exec-10] com.jsh.erp.datasource.mappers.FunctionMapper.selectByExample - <==      Total: 0
2022/10/05-10:59:11 DEBUG [http-nio-80-exec-10] com.jsh.erp.datasource.mappers.FunctionMapper.selectByExample - ==>  Preparing: SELECT id, number, name, parent_number, url, state, sort, enabled, type, push_btn, icon, delete_flag FROM jsh_function WHERE (enabled = ? AND parent_number = ? AND delete_flag <> ?) ORDER BY Sort 
2022/10/05-10:59:11 DEBUG [http-nio-80-exec-10] com.jsh.erp.datasource.mappers.FunctionMapper.selectByExample - ==> Parameters: true(Boolean), 060305(String), 1(String)
2022/10/05-10:59:11 DEBUG [http-nio-80-exec-10] com.jsh.erp.datasource.mappers.FunctionMapper.selectByExample - <==      Total: 0
2022/10/05-10:59:11 DEBUG [http-nio-80-exec-10] com.jsh.erp.datasource.mappers.FunctionMapper.selectByExample - ==>  Preparing: SELECT id, number, name, parent_number, url, state, sort, enabled, type, push_btn, icon, delete_flag FROM jsh_function WHERE (enabled = ? AND parent_number = ? AND delete_flag <> ?) ORDER BY Sort 
2022/10/05-10:59:11 DEBUG [http-nio-80-exec-10] com.jsh.erp.datasource.mappers.FunctionMapper.selectByExample - ==> Parameters: true(Boolean), 0801(String), 1(String)
2022/10/05-10:59:11 DEBUG [http-nio-80-exec-10] com.jsh.erp.datasource.mappers.FunctionMapper.selectByExample - <==      Total: 5
2022/10/05-10:59:11 DEBUG [http-nio-80-exec-10] com.jsh.erp.datasource.mappers.FunctionMapper.selectByExample - ==>  Preparing: SELECT id, number, name, parent_number, url, state, sort, enabled, type, push_btn, icon, delete_flag FROM jsh_function WHERE (enabled = ? AND parent_number = ? AND delete_flag <> ?) ORDER BY Sort 
2022/10/05-10:59:11 DEBUG [http-nio-80-exec-10] com.jsh.erp.datasource.mappers.FunctionMapper.selectByExample - ==> Parameters: true(Boolean), 080103(String), 1(String)
2022/10/05-10:59:11 DEBUG [http-nio-80-exec-10] com.jsh.erp.datasource.mappers.FunctionMapper.selectByExample - <==      Total: 0
2022/10/05-10:59:11 DEBUG [http-nio-80-exec-10] com.jsh.erp.datasource.mappers.FunctionMapper.selectByExample - ==>  Preparing: SELECT id, number, name, parent_number, url, state, sort, enabled, type, push_btn, icon, delete_flag FROM jsh_function WHERE (enabled = ? AND parent_number = ? AND delete_flag <> ?) ORDER BY Sort 
2022/10/05-10:59:11 DEBUG [http-nio-80-exec-10] com.jsh.erp.datasource.mappers.FunctionMapper.selectByExample - ==> Parameters: true(Boolean), 080105(String), 1(String)
2022/10/05-10:59:11 DEBUG [http-nio-80-exec-10] com.jsh.erp.datasource.mappers.FunctionMapper.selectByExample - <==      Total: 0
2022/10/05-10:59:11 DEBUG [http-nio-80-exec-10] com.jsh.erp.datasource.mappers.FunctionMapper.selectByExample - ==>  Preparing: SELECT id, number, name, parent_number, url, state, sort, enabled, type, push_btn, icon, delete_flag FROM jsh_function WHERE (enabled = ? AND parent_number = ? AND delete_flag <> ?) ORDER BY Sort 
2022/10/05-10:59:11 DEBUG [http-nio-80-exec-10] com.jsh.erp.datasource.mappers.FunctionMapper.selectByExample - ==> Parameters: true(Boolean), 080107(String), 1(String)
2022/10/05-10:59:11 DEBUG [http-nio-80-exec-10] com.jsh.erp.datasource.mappers.FunctionMapper.selectByExample - <==      Total: 0
2022/10/05-10:59:11 DEBUG [http-nio-80-exec-10] com.jsh.erp.datasource.mappers.FunctionMapper.selectByExample - ==>  Preparing: SELECT id, number, name, parent_number, url, state, sort, enabled, type, push_btn, icon, delete_flag FROM jsh_function WHERE (enabled = ? AND parent_number = ? AND delete_flag <> ?) ORDER BY Sort 
2022/10/05-10:59:11 DEBUG [http-nio-80-exec-10] com.jsh.erp.datasource.mappers.FunctionMapper.selectByExample - ==> Parameters: true(Boolean), 080109(String), 1(String)
2022/10/05-10:59:11 DEBUG [http-nio-80-exec-10] com.jsh.erp.datasource.mappers.FunctionMapper.selectByExample - <==      Total: 0
2022/10/05-10:59:11 DEBUG [http-nio-80-exec-10] com.jsh.erp.datasource.mappers.FunctionMapper.selectByExample - ==>  Preparing: SELECT id, number, name, parent_number, url, state, sort, enabled, type, push_btn, icon, delete_flag FROM jsh_function WHERE (enabled = ? AND parent_number = ? AND delete_flag <> ?) ORDER BY Sort 
2022/10/05-10:59:11 DEBUG [http-nio-80-exec-10] com.jsh.erp.datasource.mappers.FunctionMapper.selectByExample - ==> Parameters: true(Boolean), 080111(String), 1(String)
2022/10/05-10:59:11 DEBUG [http-nio-80-exec-10] com.jsh.erp.datasource.mappers.FunctionMapper.selectByExample - <==      Total: 0
2022/10/05-10:59:11 DEBUG [http-nio-80-exec-10] com.jsh.erp.datasource.mappers.FunctionMapper.selectByExample - ==>  Preparing: SELECT id, number, name, parent_number, url, state, sort, enabled, type, push_btn, icon, delete_flag FROM jsh_function WHERE (enabled = ? AND parent_number = ? AND delete_flag <> ?) ORDER BY Sort 
2022/10/05-10:59:11 DEBUG [http-nio-80-exec-10] com.jsh.erp.datasource.mappers.FunctionMapper.selectByExample - ==> Parameters: true(Boolean), 0704(String), 1(String)
2022/10/05-10:59:11 DEBUG [http-nio-80-exec-10] com.jsh.erp.datasource.mappers.FunctionMapper.selectByExample - <==      Total: 6
2022/10/05-10:59:11 DEBUG [http-nio-80-exec-10] com.jsh.erp.datasource.mappers.FunctionMapper.selectByExample - ==>  Preparing: SELECT id, number, name, parent_number, url, state, sort, enabled, type, push_btn, icon, delete_flag FROM jsh_function WHERE (enabled = ? AND parent_number = ? AND delete_flag <> ?) ORDER BY Sort 
2022/10/05-10:59:11 DEBUG [http-nio-80-exec-10] com.jsh.erp.datasource.mappers.FunctionMapper.selectByExample - ==> Parameters: true(Boolean), 070402(String), 1(String)
2022/10/05-10:59:11 DEBUG [http-nio-80-exec-10] com.jsh.erp.datasource.mappers.FunctionMapper.selectByExample - <==      Total: 0
2022/10/05-10:59:11 DEBUG [http-nio-80-exec-10] com.jsh.erp.datasource.mappers.FunctionMapper.selectByExample - ==>  Preparing: SELECT id, number, name, parent_number, url, state, sort, enabled, type, push_btn, icon, delete_flag FROM jsh_function WHERE (enabled = ? AND parent_number = ? AND delete_flag <> ?) ORDER BY Sort 
2022/10/05-10:59:11 DEBUG [http-nio-80-exec-10] com.jsh.erp.datasource.mappers.FunctionMapper.selectByExample - ==> Parameters: true(Boolean), 070403(String), 1(String)
2022/10/05-10:59:11 DEBUG [http-nio-80-exec-10] com.jsh.erp.datasource.mappers.FunctionMapper.selectByExample - <==      Total: 0
2022/10/05-10:59:11 DEBUG [http-nio-80-exec-10] com.jsh.erp.datasource.mappers.FunctionMapper.selectByExample - ==>  Preparing: SELECT id, number, name, parent_number, url, state, sort, enabled, type, push_btn, icon, delete_flag FROM jsh_function WHERE (enabled = ? AND parent_number = ? AND delete_flag <> ?) ORDER BY Sort 
2022/10/05-10:59:11 DEBUG [http-nio-80-exec-10] com.jsh.erp.datasource.mappers.FunctionMapper.selectByExample - ==> Parameters: true(Boolean), 070404(String), 1(String)
2022/10/05-10:59:11 DEBUG [http-nio-80-exec-10] com.jsh.erp.datasource.mappers.FunctionMapper.selectByExample - <==      Total: 0
2022/10/05-10:59:11 DEBUG [http-nio-80-exec-10] com.jsh.erp.datasource.mappers.FunctionMapper.selectByExample - ==>  Preparing: SELECT id, number, name, parent_number, url, state, sort, enabled, type, push_btn, icon, delete_flag FROM jsh_function WHERE (enabled = ? AND parent_number = ? AND delete_flag <> ?) ORDER BY Sort 
2022/10/05-10:59:11 DEBUG [http-nio-80-exec-10] com.jsh.erp.datasource.mappers.FunctionMapper.selectByExample - ==> Parameters: true(Boolean), 070405(String), 1(String)
2022/10/05-10:59:11 DEBUG [http-nio-80-exec-10] com.jsh.erp.datasource.mappers.FunctionMapper.selectByExample - <==      Total: 0
2022/10/05-10:59:11 DEBUG [http-nio-80-exec-10] com.jsh.erp.datasource.mappers.FunctionMapper.selectByExample - ==>  Preparing: SELECT id, number, name, parent_number, url, state, sort, enabled, type, push_btn, icon, delete_flag FROM jsh_function WHERE (enabled = ? AND parent_number = ? AND delete_flag <> ?) ORDER BY Sort 
2022/10/05-10:59:11 DEBUG [http-nio-80-exec-10] com.jsh.erp.datasource.mappers.FunctionMapper.selectByExample - ==> Parameters: true(Boolean), 070406(String), 1(String)
2022/10/05-10:59:11 DEBUG [http-nio-80-exec-10] com.jsh.erp.datasource.mappers.FunctionMapper.selectByExample - <==      Total: 0
2022/10/05-10:59:11 DEBUG [http-nio-80-exec-10] com.jsh.erp.datasource.mappers.FunctionMapper.selectByExample - ==>  Preparing: SELECT id, number, name, parent_number, url, state, sort, enabled, type, push_btn, icon, delete_flag FROM jsh_function WHERE (enabled = ? AND parent_number = ? AND delete_flag <> ?) ORDER BY Sort 
2022/10/05-10:59:11 DEBUG [http-nio-80-exec-10] com.jsh.erp.datasource.mappers.FunctionMapper.selectByExample - ==> Parameters: true(Boolean), 070407(String), 1(String)
2022/10/05-10:59:11 DEBUG [http-nio-80-exec-10] com.jsh.erp.datasource.mappers.FunctionMapper.selectByExample - <==      Total: 0
2022/10/05-10:59:11 DEBUG [http-nio-80-exec-10] com.jsh.erp.datasource.mappers.FunctionMapper.selectByExample - ==>  Preparing: SELECT id, number, name, parent_number, url, state, sort, enabled, type, push_btn, icon, delete_flag FROM jsh_function WHERE (enabled = ? AND parent_number = ? AND delete_flag <> ?) ORDER BY Sort 
2022/10/05-10:59:11 DEBUG [http-nio-80-exec-10] com.jsh.erp.datasource.mappers.FunctionMapper.selectByExample - ==> Parameters: true(Boolean), 0301(String), 1(String)
2022/10/05-10:59:11 DEBUG [http-nio-80-exec-10] com.jsh.erp.datasource.mappers.FunctionMapper.selectByExample - <==      Total: 11
2022/10/05-10:59:11 DEBUG [http-nio-80-exec-10] com.jsh.erp.datasource.mappers.FunctionMapper.selectByExample - ==>  Preparing: SELECT id, number, name, parent_number, url, state, sort, enabled, type, push_btn, icon, delete_flag FROM jsh_function WHERE (enabled = ? AND parent_number = ? AND delete_flag <> ?) ORDER BY Sort 
2022/10/05-10:59:11 DEBUG [http-nio-80-exec-10] com.jsh.erp.datasource.mappers.FunctionMapper.selectByExample - ==> Parameters: true(Boolean), 030101(String), 1(String)
2022/10/05-10:59:11 DEBUG [http-nio-80-exec-10] com.jsh.erp.datasource.mappers.FunctionMapper.selectByExample - <==      Total: 0
2022/10/05-10:59:11 DEBUG [http-nio-80-exec-10] com.jsh.erp.datasource.mappers.FunctionMapper.selectByExample - ==>  Preparing: SELECT id, number, name, parent_number, url, state, sort, enabled, type, push_btn, icon, delete_flag FROM jsh_function WHERE (enabled = ? AND parent_number = ? AND delete_flag <> ?) ORDER BY Sort 
2022/10/05-10:59:11 DEBUG [http-nio-80-exec-10] com.jsh.erp.datasource.mappers.FunctionMapper.selectByExample - ==> Parameters: true(Boolean), 030102(String), 1(String)
2022/10/05-10:59:11 DEBUG [http-nio-80-exec-10] com.jsh.erp.datasource.mappers.FunctionMapper.selectByExample - <==      Total: 0
2022/10/05-10:59:11 DEBUG [http-nio-80-exec-10] com.jsh.erp.datasource.mappers.FunctionMapper.selectByExample - ==>  Preparing: SELECT id, number, name, parent_number, url, state, sort, enabled, type, push_btn, icon, delete_flag FROM jsh_function WHERE (enabled = ? AND parent_number = ? AND delete_flag <> ?) ORDER BY Sort 
2022/10/05-10:59:11 DEBUG [http-nio-80-exec-10] com.jsh.erp.datasource.mappers.FunctionMapper.selectByExample - ==> Parameters: true(Boolean), 030103(String), 1(String)
2022/10/05-10:59:11 DEBUG [http-nio-80-exec-10] com.jsh.erp.datasource.mappers.FunctionMapper.selectByExample - <==      Total: 0
2022/10/05-10:59:11 DEBUG [http-nio-80-exec-10] com.jsh.erp.datasource.mappers.FunctionMapper.selectByExample - ==>  Preparing: SELECT id, number, name, parent_number, url, state, sort, enabled, type, push_btn, icon, delete_flag FROM jsh_function WHERE (enabled = ? AND parent_number = ? AND delete_flag <> ?) ORDER BY Sort 
2022/10/05-10:59:11 DEBUG [http-nio-80-exec-10] com.jsh.erp.datasource.mappers.FunctionMapper.selectByExample - ==> Parameters: true(Boolean), 030104(String), 1(String)
2022/10/05-10:59:11 DEBUG [http-nio-80-exec-10] com.jsh.erp.datasource.mappers.FunctionMapper.selectByExample - <==      Total: 0
2022/10/05-10:59:11 DEBUG [http-nio-80-exec-10] com.jsh.erp.datasource.mappers.FunctionMapper.selectByExample - ==>  Preparing: SELECT id, number, name, parent_number, url, state, sort, enabled, type, push_btn, icon, delete_flag FROM jsh_function WHERE (enabled = ? AND parent_number = ? AND delete_flag <> ?) ORDER BY Sort 
2022/10/05-10:59:11 DEBUG [http-nio-80-exec-10] com.jsh.erp.datasource.mappers.FunctionMapper.selectByExample - ==> Parameters: true(Boolean), 030106(String), 1(String)
2022/10/05-10:59:11 DEBUG [http-nio-80-exec-10] com.jsh.erp.datasource.mappers.FunctionMapper.selectByExample - <==      Total: 0
2022/10/05-10:59:11 DEBUG [http-nio-80-exec-10] com.jsh.erp.datasource.mappers.FunctionMapper.selectByExample - ==>  Preparing: SELECT id, number, name, parent_number, url, state, sort, enabled, type, push_btn, icon, delete_flag FROM jsh_function WHERE (enabled = ? AND parent_number = ? AND delete_flag <> ?) ORDER BY Sort 
2022/10/05-10:59:11 DEBUG [http-nio-80-exec-10] com.jsh.erp.datasource.mappers.FunctionMapper.selectByExample - ==> Parameters: true(Boolean), 030107(String), 1(String)
2022/10/05-10:59:11 DEBUG [http-nio-80-exec-10] com.jsh.erp.datasource.mappers.FunctionMapper.selectByExample - <==      Total: 0
2022/10/05-10:59:11 DEBUG [http-nio-80-exec-10] com.jsh.erp.datasource.mappers.FunctionMapper.selectByExample - ==>  Preparing: SELECT id, number, name, parent_number, url, state, sort, enabled, type, push_btn, icon, delete_flag FROM jsh_function WHERE (enabled = ? AND parent_number = ? AND delete_flag <> ?) ORDER BY Sort 
2022/10/05-10:59:11 DEBUG [http-nio-80-exec-10] com.jsh.erp.datasource.mappers.FunctionMapper.selectByExample - ==> Parameters: true(Boolean), 030108(String), 1(String)
2022/10/05-10:59:11 DEBUG [http-nio-80-exec-10] com.jsh.erp.datasource.mappers.FunctionMapper.selectByExample - <==      Total: 0
2022/10/05-10:59:11 DEBUG [http-nio-80-exec-10] com.jsh.erp.datasource.mappers.FunctionMapper.selectByExample - ==>  Preparing: SELECT id, number, name, parent_number, url, state, sort, enabled, type, push_btn, icon, delete_flag FROM jsh_function WHERE (enabled = ? AND parent_number = ? AND delete_flag <> ?) ORDER BY Sort 
2022/10/05-10:59:11 DEBUG [http-nio-80-exec-10] com.jsh.erp.datasource.mappers.FunctionMapper.selectByExample - ==> Parameters: true(Boolean), 030109(String), 1(String)
2022/10/05-10:59:11 DEBUG [http-nio-80-exec-10] com.jsh.erp.datasource.mappers.FunctionMapper.selectByExample - <==      Total: 0
2022/10/05-10:59:11 DEBUG [http-nio-80-exec-10] com.jsh.erp.datasource.mappers.FunctionMapper.selectByExample - ==>  Preparing: SELECT id, number, name, parent_number, url, state, sort, enabled, type, push_btn, icon, delete_flag FROM jsh_function WHERE (enabled = ? AND parent_number = ? AND delete_flag <> ?) ORDER BY Sort 
2022/10/05-10:59:11 DEBUG [http-nio-80-exec-10] com.jsh.erp.datasource.mappers.FunctionMapper.selectByExample - ==> Parameters: true(Boolean), 030110(String), 1(String)
2022/10/05-10:59:11 DEBUG [http-nio-80-exec-10] com.jsh.erp.datasource.mappers.FunctionMapper.selectByExample - <==      Total: 0
2022/10/05-10:59:11 DEBUG [http-nio-80-exec-10] com.jsh.erp.datasource.mappers.FunctionMapper.selectByExample - ==>  Preparing: SELECT id, number, name, parent_number, url, state, sort, enabled, type, push_btn, icon, delete_flag FROM jsh_function WHERE (enabled = ? AND parent_number = ? AND delete_flag <> ?) ORDER BY Sort 
2022/10/05-10:59:11 DEBUG [http-nio-80-exec-10] com.jsh.erp.datasource.mappers.FunctionMapper.selectByExample - ==> Parameters: true(Boolean), 030111(String), 1(String)
2022/10/05-10:59:11 DEBUG [http-nio-80-exec-10] com.jsh.erp.datasource.mappers.FunctionMapper.selectByExample - <==      Total: 0
2022/10/05-10:59:11 DEBUG [http-nio-80-exec-10] com.jsh.erp.datasource.mappers.FunctionMapper.selectByExample - ==>  Preparing: SELECT id, number, name, parent_number, url, state, sort, enabled, type, push_btn, icon, delete_flag FROM jsh_function WHERE (enabled = ? AND parent_number = ? AND delete_flag <> ?) ORDER BY Sort 
2022/10/05-10:59:11 DEBUG [http-nio-80-exec-10] com.jsh.erp.datasource.mappers.FunctionMapper.selectByExample - ==> Parameters: true(Boolean), 030112(String), 1(String)
2022/10/05-10:59:11 DEBUG [http-nio-80-exec-10] com.jsh.erp.datasource.mappers.FunctionMapper.selectByExample - <==      Total: 0
2022/10/05-10:59:11 DEBUG [http-nio-80-exec-10] com.jsh.erp.datasource.mappers.FunctionMapper.selectByExample - ==>  Preparing: SELECT id, number, name, parent_number, url, state, sort, enabled, type, push_btn, icon, delete_flag FROM jsh_function WHERE (enabled = ? AND parent_number = ? AND delete_flag <> ?) ORDER BY Sort 
2022/10/05-10:59:11 DEBUG [http-nio-80-exec-10] com.jsh.erp.datasource.mappers.FunctionMapper.selectByExample - ==> Parameters: true(Boolean), 0101(String), 1(String)
2022/10/05-10:59:11 DEBUG [http-nio-80-exec-10] com.jsh.erp.datasource.mappers.FunctionMapper.selectByExample - <==      Total: 4
2022/10/05-10:59:11 DEBUG [http-nio-80-exec-10] com.jsh.erp.datasource.mappers.FunctionMapper.selectByExample - ==>  Preparing: SELECT id, number, name, parent_number, url, state, sort, enabled, type, push_btn, icon, delete_flag FROM jsh_function WHERE (enabled = ? AND parent_number = ? AND delete_flag <> ?) ORDER BY Sort 
2022/10/05-10:59:11 DEBUG [http-nio-80-exec-10] com.jsh.erp.datasource.mappers.FunctionMapper.selectByExample - ==> Parameters: true(Boolean), 010101(String), 1(String)
2022/10/05-10:59:11 DEBUG [http-nio-80-exec-10] com.jsh.erp.datasource.mappers.FunctionMapper.selectByExample - <==      Total: 0
2022/10/05-10:59:11 DEBUG [http-nio-80-exec-10] com.jsh.erp.datasource.mappers.FunctionMapper.selectByExample - ==>  Preparing: SELECT id, number, name, parent_number, url, state, sort, enabled, type, push_btn, icon, delete_flag FROM jsh_function WHERE (enabled = ? AND parent_number = ? AND delete_flag <> ?) ORDER BY Sort 
2022/10/05-10:59:11 DEBUG [http-nio-80-exec-10] com.jsh.erp.datasource.mappers.FunctionMapper.selectByExample - ==> Parameters: true(Boolean), 010102(String), 1(String)
2022/10/05-10:59:11 DEBUG [http-nio-80-exec-10] com.jsh.erp.datasource.mappers.FunctionMapper.selectByExample - <==      Total: 0
2022/10/05-10:59:11 DEBUG [http-nio-80-exec-10] com.jsh.erp.datasource.mappers.FunctionMapper.selectByExample - ==>  Preparing: SELECT id, number, name, parent_number, url, state, sort, enabled, type, push_btn, icon, delete_flag FROM jsh_function WHERE (enabled = ? AND parent_number = ? AND delete_flag <> ?) ORDER BY Sort 
2022/10/05-10:59:11 DEBUG [http-nio-80-exec-10] com.jsh.erp.datasource.mappers.FunctionMapper.selectByExample - ==> Parameters: true(Boolean), 010103(String), 1(String)
2022/10/05-10:59:11 DEBUG [http-nio-80-exec-10] com.jsh.erp.datasource.mappers.FunctionMapper.selectByExample - <==      Total: 0
2022/10/05-10:59:11 DEBUG [http-nio-80-exec-10] com.jsh.erp.datasource.mappers.FunctionMapper.selectByExample - ==>  Preparing: SELECT id, number, name, parent_number, url, state, sort, enabled, type, push_btn, icon, delete_flag FROM jsh_function WHERE (enabled = ? AND parent_number = ? AND delete_flag <> ?) ORDER BY Sort 
2022/10/05-10:59:11 DEBUG [http-nio-80-exec-10] com.jsh.erp.datasource.mappers.FunctionMapper.selectByExample - ==> Parameters: true(Boolean), 010104(String), 1(String)
2022/10/05-10:59:11 DEBUG [http-nio-80-exec-10] com.jsh.erp.datasource.mappers.FunctionMapper.selectByExample - <==      Total: 0
2022/10/05-10:59:11 DEBUG [http-nio-80-exec-10] com.jsh.erp.datasource.mappers.FunctionMapper.selectByExample - ==>  Preparing: SELECT id, number, name, parent_number, url, state, sort, enabled, type, push_btn, icon, delete_flag FROM jsh_function WHERE (enabled = ? AND parent_number = ? AND delete_flag <> ?) ORDER BY Sort 
2022/10/05-10:59:11 DEBUG [http-nio-80-exec-10] com.jsh.erp.datasource.mappers.FunctionMapper.selectByExample - ==> Parameters: true(Boolean), 0102(String), 1(String)
2022/10/05-10:59:11 DEBUG [http-nio-80-exec-10] com.jsh.erp.datasource.mappers.FunctionMapper.selectByExample - <==      Total: 7
2022/10/05-10:59:11 DEBUG [http-nio-80-exec-10] com.jsh.erp.datasource.mappers.FunctionMapper.selectByExample - ==>  Preparing: SELECT id, number, name, parent_number, url, state, sort, enabled, type, push_btn, icon, delete_flag FROM jsh_function WHERE (enabled = ? AND parent_number = ? AND delete_flag <> ?) ORDER BY Sort 
2022/10/05-10:59:11 DEBUG [http-nio-80-exec-10] com.jsh.erp.datasource.mappers.FunctionMapper.selectByExample - ==> Parameters: true(Boolean), 01020101(String), 1(String)
2022/10/05-10:59:11 DEBUG [http-nio-80-exec-10] com.jsh.erp.datasource.mappers.FunctionMapper.selectByExample - <==      Total: 0
2022/10/05-10:59:11 DEBUG [http-nio-80-exec-10] com.jsh.erp.datasource.mappers.FunctionMapper.selectByExample - ==>  Preparing: SELECT id, number, name, parent_number, url, state, sort, enabled, type, push_btn, icon, delete_flag FROM jsh_function WHERE (enabled = ? AND parent_number = ? AND delete_flag <> ?) ORDER BY Sort 
2022/10/05-10:59:11 DEBUG [http-nio-80-exec-10] com.jsh.erp.datasource.mappers.FunctionMapper.selectByExample - ==> Parameters: true(Boolean), 01020102(String), 1(String)
2022/10/05-10:59:11 DEBUG [http-nio-80-exec-10] com.jsh.erp.datasource.mappers.FunctionMapper.selectByExample - <==      Total: 0
2022/10/05-10:59:11 DEBUG [http-nio-80-exec-10] com.jsh.erp.datasource.mappers.FunctionMapper.selectByExample - ==>  Preparing: SELECT id, number, name, parent_number, url, state, sort, enabled, type, push_btn, icon, delete_flag FROM jsh_function WHERE (enabled = ? AND parent_number = ? AND delete_flag <> ?) ORDER BY Sort 
2022/10/05-10:59:11 DEBUG [http-nio-80-exec-10] com.jsh.erp.datasource.mappers.FunctionMapper.selectByExample - ==> Parameters: true(Boolean), 01020103(String), 1(String)
2022/10/05-10:59:11 DEBUG [http-nio-80-exec-10] com.jsh.erp.datasource.mappers.FunctionMapper.selectByExample - <==      Total: 0
2022/10/05-10:59:11 DEBUG [http-nio-80-exec-10] com.jsh.erp.datasource.mappers.FunctionMapper.selectByExample - ==>  Preparing: SELECT id, number, name, parent_number, url, state, sort, enabled, type, push_btn, icon, delete_flag FROM jsh_function WHERE (enabled = ? AND parent_number = ? AND delete_flag <> ?) ORDER BY Sort 
2022/10/05-10:59:11 DEBUG [http-nio-80-exec-10] com.jsh.erp.datasource.mappers.FunctionMapper.selectByExample - ==> Parameters: true(Boolean), 010202(String), 1(String)
2022/10/05-10:59:11 DEBUG [http-nio-80-exec-10] com.jsh.erp.datasource.mappers.FunctionMapper.selectByExample - <==      Total: 0
2022/10/05-10:59:11 DEBUG [http-nio-80-exec-10] com.jsh.erp.datasource.mappers.FunctionMapper.selectByExample - ==>  Preparing: SELECT id, number, name, parent_number, url, state, sort, enabled, type, push_btn, icon, delete_flag FROM jsh_function WHERE (enabled = ? AND parent_number = ? AND delete_flag <> ?) ORDER BY Sort 
2022/10/05-10:59:11 DEBUG [http-nio-80-exec-10] com.jsh.erp.datasource.mappers.FunctionMapper.selectByExample - ==> Parameters: true(Boolean), 010204(String), 1(String)
2022/10/05-10:59:11 DEBUG [http-nio-80-exec-10] com.jsh.erp.datasource.mappers.FunctionMapper.selectByExample - <==      Total: 0
2022/10/05-10:59:11 DEBUG [http-nio-80-exec-10] com.jsh.erp.datasource.mappers.FunctionMapper.selectByExample - ==>  Preparing: SELECT id, number, name, parent_number, url, state, sort, enabled, type, push_btn, icon, delete_flag FROM jsh_function WHERE (enabled = ? AND parent_number = ? AND delete_flag <> ?) ORDER BY Sort 
2022/10/05-10:59:11 DEBUG [http-nio-80-exec-10] com.jsh.erp.datasource.mappers.FunctionMapper.selectByExample - ==> Parameters: true(Boolean), 010205(String), 1(String)
2022/10/05-10:59:11 DEBUG [http-nio-80-exec-10] com.jsh.erp.datasource.mappers.FunctionMapper.selectByExample - <==      Total: 0
2022/10/05-10:59:11 DEBUG [http-nio-80-exec-10] com.jsh.erp.datasource.mappers.FunctionMapper.selectByExample - ==>  Preparing: SELECT id, number, name, parent_number, url, state, sort, enabled, type, push_btn, icon, delete_flag FROM jsh_function WHERE (enabled = ? AND parent_number = ? AND delete_flag <> ?) ORDER BY Sort 
2022/10/05-10:59:11 DEBUG [http-nio-80-exec-10] com.jsh.erp.datasource.mappers.FunctionMapper.selectByExample - ==> Parameters: true(Boolean), 010206(String), 1(String)
2022/10/05-10:59:11 DEBUG [http-nio-80-exec-10] com.jsh.erp.datasource.mappers.FunctionMapper.selectByExample - <==      Total: 0
2022/10/05-10:59:11 DEBUG [http-nio-80-exec-10] com.jsh.erp.datasource.mappers.FunctionMapper.selectByExample - ==>  Preparing: SELECT id, number, name, parent_number, url, state, sort, enabled, type, push_btn, icon, delete_flag FROM jsh_function WHERE (enabled = ? AND parent_number = ? AND delete_flag <> ?) ORDER BY Sort 
2022/10/05-10:59:11 DEBUG [http-nio-80-exec-10] com.jsh.erp.datasource.mappers.FunctionMapper.selectByExample - ==> Parameters: true(Boolean), 0001(String), 1(String)
2022/10/05-10:59:11 DEBUG [http-nio-80-exec-10] com.jsh.erp.datasource.mappers.FunctionMapper.selectByExample - <==      Total: 8
2022/10/05-10:59:11 DEBUG [http-nio-80-exec-10] com.jsh.erp.datasource.mappers.FunctionMapper.selectByExample - ==>  Preparing: SELECT id, number, name, parent_number, url, state, sort, enabled, type, push_btn, icon, delete_flag FROM jsh_function WHERE (enabled = ? AND parent_number = ? AND delete_flag <> ?) ORDER BY Sort 
2022/10/05-10:59:11 DEBUG [http-nio-80-exec-10] com.jsh.erp.datasource.mappers.FunctionMapper.selectByExample - ==> Parameters: true(Boolean), 000102(String), 1(String)
2022/10/05-10:59:11 DEBUG [http-nio-80-exec-10] com.jsh.erp.datasource.mappers.FunctionMapper.selectByExample - <==      Total: 0
2022/10/05-10:59:11 DEBUG [http-nio-80-exec-10] com.jsh.erp.datasource.mappers.FunctionMapper.selectByExample - ==>  Preparing: SELECT id, number, name, parent_number, url, state, sort, enabled, type, push_btn, icon, delete_flag FROM jsh_function WHERE (enabled = ? AND parent_number = ? AND delete_flag <> ?) ORDER BY Sort 
2022/10/05-10:59:11 DEBUG [http-nio-80-exec-10] com.jsh.erp.datasource.mappers.FunctionMapper.selectByExample - ==> Parameters: true(Boolean), 000103(String), 1(String)
2022/10/05-10:59:11 DEBUG [http-nio-80-exec-10] com.jsh.erp.datasource.mappers.FunctionMapper.selectByExample - <==      Total: 0
2022/10/05-10:59:11 DEBUG [http-nio-80-exec-10] com.jsh.erp.datasource.mappers.FunctionMapper.selectByExample - ==>  Preparing: SELECT id, number, name, parent_number, url, state, sort, enabled, type, push_btn, icon, delete_flag FROM jsh_function WHERE (enabled = ? AND parent_number = ? AND delete_flag <> ?) ORDER BY Sort 
2022/10/05-10:59:11 DEBUG [http-nio-80-exec-10] com.jsh.erp.datasource.mappers.FunctionMapper.selectByExample - ==> Parameters: true(Boolean), 000108(String), 1(String)
2022/10/05-10:59:11 DEBUG [http-nio-80-exec-10] com.jsh.erp.datasource.mappers.FunctionMapper.selectByExample - <==      Total: 0
2022/10/05-10:59:11 DEBUG [http-nio-80-exec-10] com.jsh.erp.datasource.mappers.FunctionMapper.selectByExample - ==>  Preparing: SELECT id, number, name, parent_number, url, state, sort, enabled, type, push_btn, icon, delete_flag FROM jsh_function WHERE (enabled = ? AND parent_number = ? AND delete_flag <> ?) ORDER BY Sort 
2022/10/05-10:59:11 DEBUG [http-nio-80-exec-10] com.jsh.erp.datasource.mappers.FunctionMapper.selectByExample - ==> Parameters: true(Boolean), 000104(String), 1(String)
2022/10/05-10:59:11 DEBUG [http-nio-80-exec-10] com.jsh.erp.datasource.mappers.FunctionMapper.selectByExample - <==      Total: 0
2022/10/05-10:59:11 DEBUG [http-nio-80-exec-10] com.jsh.erp.datasource.mappers.FunctionMapper.selectByExample - ==>  Preparing: SELECT id, number, name, parent_number, url, state, sort, enabled, type, push_btn, icon, delete_flag FROM jsh_function WHERE (enabled = ? AND parent_number = ? AND delete_flag <> ?) ORDER BY Sort 
2022/10/05-10:59:11 DEBUG [http-nio-80-exec-10] com.jsh.erp.datasource.mappers.FunctionMapper.selectByExample - ==> Parameters: true(Boolean), 000105(String), 1(String)
2022/10/05-10:59:11 DEBUG [http-nio-80-exec-10] com.jsh.erp.datasource.mappers.FunctionMapper.selectByExample - <==      Total: 0
2022/10/05-10:59:11 DEBUG [http-nio-80-exec-10] com.jsh.erp.datasource.mappers.FunctionMapper.selectByExample - ==>  Preparing: SELECT id, number, name, parent_number, url, state, sort, enabled, type, push_btn, icon, delete_flag FROM jsh_function WHERE (enabled = ? AND parent_number = ? AND delete_flag <> ?) ORDER BY Sort 
2022/10/05-10:59:11 DEBUG [http-nio-80-exec-10] com.jsh.erp.datasource.mappers.FunctionMapper.selectByExample - ==> Parameters: true(Boolean), 000105(String), 1(String)
2022/10/05-10:59:11 DEBUG [http-nio-80-exec-10] com.jsh.erp.datasource.mappers.FunctionMapper.selectByExample - <==      Total: 0
2022/10/05-10:59:11 DEBUG [http-nio-80-exec-10] com.jsh.erp.datasource.mappers.FunctionMapper.selectByExample - ==>  Preparing: SELECT id, number, name, parent_number, url, state, sort, enabled, type, push_btn, icon, delete_flag FROM jsh_function WHERE (enabled = ? AND parent_number = ? AND delete_flag <> ?) ORDER BY Sort 
2022/10/05-10:59:11 DEBUG [http-nio-80-exec-10] com.jsh.erp.datasource.mappers.FunctionMapper.selectByExample - ==> Parameters: true(Boolean), 000106(String), 1(String)
2022/10/05-10:59:11 DEBUG [http-nio-80-exec-10] com.jsh.erp.datasource.mappers.FunctionMapper.selectByExample - <==      Total: 0
2022/10/05-10:59:11 DEBUG [http-nio-80-exec-10] com.jsh.erp.datasource.mappers.FunctionMapper.selectByExample - ==>  Preparing: SELECT id, number, name, parent_number, url, state, sort, enabled, type, push_btn, icon, delete_flag FROM jsh_function WHERE (enabled = ? AND parent_number = ? AND delete_flag <> ?) ORDER BY Sort 
2022/10/05-10:59:11 DEBUG [http-nio-80-exec-10] com.jsh.erp.datasource.mappers.FunctionMapper.selectByExample - ==> Parameters: true(Boolean), 000107(String), 1(String)
2022/10/05-10:59:11 DEBUG [http-nio-80-exec-10] com.jsh.erp.datasource.mappers.FunctionMapper.selectByExample - <==      Total: 0
2022/10/05-10:59:12 DEBUG [http-nio-80-exec-3] com.jsh.erp.datasource.mappers.MsgMapperEx.getMsgCountByStatus - ==>  Preparing: SELECT COUNT(id) FROM jsh_msg WHERE 1 = 1 AND ifnull(delete_Flag, '0') != '1' AND status = '1' 
2022/10/05-10:59:12 DEBUG [http-nio-80-exec-3] com.jsh.erp.datasource.mappers.MsgMapperEx.getMsgCountByStatus - ==> Parameters: 
2022/10/05-10:59:12 DEBUG [http-nio-80-exec-3] com.jsh.erp.datasource.mappers.MsgMapperEx.getMsgCountByStatus - <==      Total: 1
2022/10/05-11:00:00 DEBUG [http-nio-80-exec-8] com.jsh.erp.datasource.mappers.MaterialCategoryMapperEx.getNodeTree - ==>  Preparing: SELECT id, name, ? AS currentId FROM jsh_material_category WHERE parent_id = -1 AND ifnull(status, '0') != '2' ORDER BY sort ASC 
2022/10/05-11:00:00 DEBUG [http-nio-80-exec-8] com.jsh.erp.datasource.mappers.MaterialCategoryMapperEx.getNodeTree - ==> Parameters: null
2022/10/05-11:00:00 DEBUG [http-nio-80-exec-8] com.jsh.erp.datasource.mappers.MaterialCategoryMapperEx.getNextNodeTree - ====>  Preparing: SELECT id, name, ? AS currentId FROM jsh_material_category WHERE parent_id = ? AND ifnull(status, '0') != '2' ORDER BY sort ASC 
2022/10/05-11:00:00 DEBUG [http-nio-80-exec-8] com.jsh.erp.datasource.mappers.MaterialCategoryMapperEx.getNextNodeTree - ====> Parameters: null, 17(Long)
2022/10/05-11:00:00 DEBUG [http-nio-80-exec-8] com.jsh.erp.datasource.mappers.MaterialCategoryMapperEx.getNextNodeTree - ======>  Preparing: SELECT id, name, ? AS currentId FROM jsh_material_category WHERE parent_id = ? AND ifnull(status, '0') != '2' ORDER BY sort ASC 
2022/10/05-11:00:00 DEBUG [http-nio-80-exec-8] com.jsh.erp.datasource.mappers.MaterialCategoryMapperEx.getNextNodeTree - ======> Parameters: null, 21(Long)
2022/10/05-11:00:00 DEBUG [http-nio-80-exec-8] com.jsh.erp.datasource.mappers.MaterialCategoryMapperEx.getNextNodeTree - <======      Total: 0
2022/10/05-11:00:00 DEBUG [http-nio-80-exec-8] com.jsh.erp.datasource.mappers.MaterialCategoryMapperEx.getNextNodeTree - <====      Total: 1
2022/10/05-11:00:00 DEBUG [http-nio-80-exec-8] com.jsh.erp.datasource.mappers.MaterialCategoryMapperEx.getNodeTree - <==      Total: 1
2022/10/05-11:00:00 DEBUG [http-nio-80-exec-5] com.jsh.erp.datasource.mappers.UserBusinessMapper.selectByExample - ==>  Preparing: SELECT id, type, key_id, value, btn_str, delete_flag FROM jsh_user_business WHERE (key_id = ? AND type = ? AND delete_flag <> ?) 
2022/10/05-11:00:00 DEBUG [http-nio-80-exec-5] com.jsh.erp.datasource.mappers.UserBusinessMapper.selectByExample - ==> Parameters: 120(String), UserDepot(String), 1(String)
2022/10/05-11:00:00 DEBUG [http-nio-80-exec-5] com.jsh.erp.datasource.mappers.UserBusinessMapper.selectByExample - <==      Total: 1
2022/10/05-11:00:00 DEBUG [http-nio-80-exec-7] com.jsh.erp.datasource.mappers.SystemConfigMapperEx.selectByConditionSystemConfig - ==>  Preparing: SELECT * FROM jsh_system_config WHERE 1 = 1 AND company_name LIKE '%%' AND ifnull(delete_flag, '0') != '1' LIMIT ?, ? 
2022/10/05-11:00:00 DEBUG [http-nio-80-exec-7] com.jsh.erp.datasource.mappers.SystemConfigMapperEx.selectByConditionSystemConfig - ==> Parameters: 0(Integer), 100(Integer)
2022/10/05-11:00:00 DEBUG [http-nio-80-exec-7] com.jsh.erp.datasource.mappers.SystemConfigMapperEx.selectByConditionSystemConfig - <==      Total: 1
2022/10/05-11:00:00 DEBUG [http-nio-80-exec-7] com.jsh.erp.datasource.mappers.SystemConfigMapperEx.countsBySystemConfig - ==>  Preparing: SELECT COUNT(id) FROM jsh_system_config WHERE 1 = 1 AND company_name LIKE '%%' AND ifnull(delete_flag, '0') != '1' 
2022/10/05-11:00:00 DEBUG [http-nio-80-exec-7] com.jsh.erp.datasource.mappers.SystemConfigMapperEx.countsBySystemConfig - ==> Parameters: 
2022/10/05-11:00:00 DEBUG [http-nio-80-exec-7] com.jsh.erp.datasource.mappers.SystemConfigMapperEx.countsBySystemConfig - <==      Total: 1
2022/10/05-11:00:00 DEBUG [http-nio-80-exec-1] com.jsh.erp.datasource.mappers.DepotMapper.selectByExample - ==>  Preparing: SELECT id, name, address, warehousing, truckage, type, sort, remark, principal, tenant_id, delete_Flag, is_default FROM jsh_depot WHERE (delete_Flag <> ?) ORDER BY sort 
2022/10/05-11:00:00 DEBUG [http-nio-80-exec-1] com.jsh.erp.datasource.mappers.DepotMapper.selectByExample - ==> Parameters: 1(String)
2022/10/05-11:00:00 DEBUG [http-nio-80-exec-1] com.jsh.erp.datasource.mappers.DepotMapper.selectByExample - <==      Total: 3
2022/10/05-11:00:01 DEBUG [http-nio-80-exec-2] com.jsh.erp.datasource.mappers.AccountMapper.selectByExample - ==>  Preparing: SELECT id, name, serial_no, initial_amount, current_amount, remark, is_default, tenant_id, delete_flag FROM jsh_account WHERE (delete_flag <> ?) 
2022/10/05-11:00:01 DEBUG [http-nio-80-exec-2] com.jsh.erp.datasource.mappers.AccountMapper.selectByExample - ==> Parameters: 1(String)
2022/10/05-11:00:01 DEBUG [http-nio-80-exec-2] com.jsh.erp.datasource.mappers.AccountMapper.selectByExample - <==      Total: 2
2022/10/05-11:00:01 DEBUG [http-nio-80-exec-9] com.jsh.erp.datasource.mappers.InOutItemMapper.selectByExample - ==>  Preparing: SELECT id, name, type, remark, tenant_id, delete_flag FROM jsh_in_out_item WHERE (type = ? AND delete_flag <> ?) ORDER BY id DESC 
2022/10/05-11:00:01 DEBUG [http-nio-80-exec-3] com.jsh.erp.datasource.mappers.SupplierMapper.selectByExample - ==>  Preparing: SELECT id, supplier, contacts, phone_num, email, description, isystem, type, enabled, advance_in, begin_need_get, begin_need_pay, all_need_get, all_need_pay, fax, telephone, address, tax_num, bank_name, account_number, tax_rate, tenant_id, delete_flag FROM jsh_supplier WHERE (type LIKE ? AND enabled = ? AND delete_flag <> ?) ORDER BY id DESC 
2022/10/05-11:00:01 DEBUG [http-nio-80-exec-9] com.jsh.erp.datasource.mappers.InOutItemMapper.selectByExample - ==> Parameters: 支出(String), 1(String)
2022/10/05-11:00:01 DEBUG [http-nio-80-exec-9] com.jsh.erp.datasource.mappers.InOutItemMapper.selectByExample - <==      Total: 1
2022/10/05-11:00:01 DEBUG [http-nio-80-exec-3] com.jsh.erp.datasource.mappers.SupplierMapper.selectByExample - ==> Parameters: 供应商(String), true(Boolean), 1(String)
2022/10/05-11:00:01 DEBUG [http-nio-80-exec-3] com.jsh.erp.datasource.mappers.SupplierMapper.selectByExample - <==      Total: 3
2022/10/05-11:00:01 DEBUG [http-nio-80-exec-6] com.jsh.erp.datasource.mappers.MaterialPropertyMapperEx.selectByConditionMaterialProperty - ==>  Preparing: SELECT * FROM jsh_material_property WHERE 1 = 1 AND ifnull(delete_flag, '0') != '1' LIMIT ?, ? 
2022/10/05-11:00:01 DEBUG [http-nio-80-exec-6] com.jsh.erp.datasource.mappers.MaterialPropertyMapperEx.selectByConditionMaterialProperty - ==> Parameters: 0(Integer), 100(Integer)
2022/10/05-11:00:01 DEBUG [http-nio-80-exec-6] com.jsh.erp.datasource.mappers.MaterialPropertyMapperEx.selectByConditionMaterialProperty - <==      Total: 4
2022/10/05-11:00:01 DEBUG [http-nio-80-exec-6] com.jsh.erp.datasource.mappers.MaterialPropertyMapperEx.countsByMaterialProperty - ==>  Preparing: SELECT COUNT(id) FROM jsh_material_property WHERE 1 = 1 AND ifnull(delete_flag, '0') != '1' 
2022/10/05-11:00:01 DEBUG [http-nio-80-exec-6] com.jsh.erp.datasource.mappers.MaterialPropertyMapperEx.countsByMaterialProperty - ==> Parameters: 
2022/10/05-11:00:01 DEBUG [http-nio-80-exec-6] com.jsh.erp.datasource.mappers.MaterialPropertyMapperEx.countsByMaterialProperty - <==      Total: 1
2022/10/05-11:00:01 DEBUG [http-nio-80-exec-7] com.jsh.erp.datasource.mappers.DepotHeadMapperEx.selectByConditionDepotHead - ==>  Preparing: SELECT DISTINCT dh.*, s.supplier OrganName, u.username userName, a.name AccountName FROM jsh_depot_head dh LEFT JOIN jsh_supplier s ON dh.organ_id = s.id AND ifnull(s.delete_Flag, '0') != '1' LEFT JOIN jsh_user u ON dh.creator = u.id AND ifnull(u.Status, '0') = '0' LEFT JOIN jsh_account a ON dh.account_id = a.id AND ifnull(a.delete_Flag, '0') != '1' LEFT JOIN jsh_depot_item di ON dh.id = di.header_id AND ifnull(di.delete_flag, '0') != '1' LEFT JOIN jsh_material m ON di.material_id = m.id AND ifnull(m.delete_flag, '0') != '1' WHERE 1 = 1 AND dh.type = '其它' AND dh.sub_type = '采购订单' AND ifnull(dh.delete_flag, '0') != '1' ORDER BY dh.id DESC LIMIT ?, ? 
2022/10/05-11:00:01 DEBUG [http-nio-80-exec-7] com.jsh.erp.datasource.mappers.DepotHeadMapperEx.selectByConditionDepotHead - ==> Parameters: 0(Integer), 15(Integer)
2022/10/05-11:00:01 DEBUG [http-nio-80-exec-7] com.jsh.erp.datasource.mappers.DepotHeadMapperEx.selectByConditionDepotHead - <==      Total: 3
2022/10/05-11:00:01 DEBUG [http-nio-80-exec-7] com.jsh.erp.datasource.mappers.DepotHeadMapperEx.findMaterialsListByHeaderId - ==>  Preparing: SELECT GROUP_CONCAT(concat(jsh_material.name, ' ', jsh_material.standard, ' ', jsh_material.model)) AS mName FROM jsh_depot_item INNER JOIN jsh_material ON jsh_depot_item.material_id = jsh_material.Id AND ifnull(jsh_material.delete_Flag, '0') != '1' WHERE jsh_depot_item.header_id = 227 AND ifnull(jsh_depot_item.delete_flag, '0') != '1' 
2022/10/05-11:00:01 DEBUG [http-nio-80-exec-7] com.jsh.erp.datasource.mappers.DepotHeadMapperEx.findMaterialsListByHeaderId - ==> Parameters: 
2022/10/05-11:00:01 DEBUG [http-nio-80-exec-7] com.jsh.erp.datasource.mappers.DepotHeadMapperEx.findMaterialsListByHeaderId - <==      Total: 1
2022/10/05-11:00:01 DEBUG [http-nio-80-exec-7] com.jsh.erp.datasource.mappers.DepotHeadMapperEx.findMaterialsListByHeaderId - ==>  Preparing: SELECT GROUP_CONCAT(concat(jsh_material.name, ' ', jsh_material.standard, ' ', jsh_material.model)) AS mName FROM jsh_depot_item INNER JOIN jsh_material ON jsh_depot_item.material_id = jsh_material.Id AND ifnull(jsh_material.delete_Flag, '0') != '1' WHERE jsh_depot_item.header_id = 217 AND ifnull(jsh_depot_item.delete_flag, '0') != '1' 
2022/10/05-11:00:01 DEBUG [http-nio-80-exec-7] com.jsh.erp.datasource.mappers.DepotHeadMapperEx.findMaterialsListByHeaderId - ==> Parameters: 
2022/10/05-11:00:01 DEBUG [http-nio-80-exec-7] com.jsh.erp.datasource.mappers.DepotHeadMapperEx.findMaterialsListByHeaderId - <==      Total: 1
2022/10/05-11:00:01 DEBUG [http-nio-80-exec-7] com.jsh.erp.datasource.mappers.DepotHeadMapperEx.findMaterialsListByHeaderId - ==>  Preparing: SELECT GROUP_CONCAT(concat(jsh_material.name, ' ', jsh_material.standard, ' ', jsh_material.model)) AS mName FROM jsh_depot_item INNER JOIN jsh_material ON jsh_depot_item.material_id = jsh_material.Id AND ifnull(jsh_material.delete_Flag, '0') != '1' WHERE jsh_depot_item.header_id = 199 AND ifnull(jsh_depot_item.delete_flag, '0') != '1' 
2022/10/05-11:00:01 DEBUG [http-nio-80-exec-7] com.jsh.erp.datasource.mappers.DepotHeadMapperEx.findMaterialsListByHeaderId - ==> Parameters: 
2022/10/05-11:00:01 DEBUG [http-nio-80-exec-7] com.jsh.erp.datasource.mappers.DepotHeadMapperEx.findMaterialsListByHeaderId - <==      Total: 1
2022/10/05-11:00:01 DEBUG [http-nio-80-exec-7] com.jsh.erp.datasource.mappers.DepotHeadMapperEx.countsByDepotHead - ==>  Preparing: SELECT COUNT(1) FROM (SELECT DISTINCT dh.* FROM jsh_depot_head dh LEFT JOIN jsh_depot_item di ON dh.Id = di.header_id AND ifnull(di.delete_flag, '0') != '1' LEFT JOIN jsh_material m ON di.material_id = m.Id AND ifnull(m.delete_Flag, '0') != '1' WHERE 1 = 1 AND dh.type = '其它' AND dh.sub_type = '采购订单' AND ifnull(dh.delete_Flag, '0') != '1') tb 
2022/10/05-11:00:01 DEBUG [http-nio-80-exec-7] com.jsh.erp.datasource.mappers.DepotHeadMapperEx.countsByDepotHead - ==> Parameters: 
2022/10/05-11:00:01 DEBUG [http-nio-80-exec-7] com.jsh.erp.datasource.mappers.DepotHeadMapperEx.countsByDepotHead - <==      Total: 1
2022/10/05-11:00:12 DEBUG [http-nio-80-exec-7] com.jsh.erp.datasource.mappers.MsgMapperEx.getMsgCountByStatus - ==>  Preparing: SELECT COUNT(id) FROM jsh_msg WHERE 1 = 1 AND ifnull(delete_Flag, '0') != '1' AND status = '1' 
2022/10/05-11:00:12 DEBUG [http-nio-80-exec-7] com.jsh.erp.datasource.mappers.MsgMapperEx.getMsgCountByStatus - ==> Parameters: 
2022/10/05-11:00:12 DEBUG [http-nio-80-exec-7] com.jsh.erp.datasource.mappers.MsgMapperEx.getMsgCountByStatus - <==      Total: 1
2022/10/05-11:01:12 DEBUG [http-nio-80-exec-6] com.jsh.erp.datasource.mappers.MsgMapperEx.getMsgCountByStatus - ==>  Preparing: SELECT COUNT(id) FROM jsh_msg WHERE 1 = 1 AND ifnull(delete_Flag, '0') != '1' AND status = '1' 
2022/10/05-11:01:12 DEBUG [http-nio-80-exec-6] com.jsh.erp.datasource.mappers.MsgMapperEx.getMsgCountByStatus - ==> Parameters: 
2022/10/05-11:01:12 DEBUG [http-nio-80-exec-6] com.jsh.erp.datasource.mappers.MsgMapperEx.getMsgCountByStatus - <==      Total: 1
